# JRE version: OpenJDK Runtime Environment (8.0_152-b01) (build 1.8.0_152-release-1024-b01)
# Java VM: OpenJDK 64-Bit Server VM (25.152-b01 mixed mode linux-amd64 compressed oops)
Heap:
 PSYoungGen      total 18944K, used 16396K [0x00000000feb00000, 0x0000000100000000, 0x0000000100000000)
  eden space 16384K, 84% used [0x00000000feb00000,0x00000000ff884f68,0x00000000ffb00000)
  from space 2560K, 99% used [0x00000000ffd80000,0x00000000ffffe428,0x0000000100000000)
  to   space 2560K, 0% used [0x00000000ffb00000,0x00000000ffb00000,0x00000000ffd80000)
 ParOldGen       total 40960K, used 5048K [0x00000000fc000000, 0x00000000fe800000, 0x00000000feb00000)
  object space 40960K, 12% used [0x00000000fc000000,0x00000000fc4ee3a8,0x00000000fe800000)
 Metaspace       used 7966K, capacity 8228K, committed 8448K, reserved 1056768K
  class space    used 899K, capacity 1002K, committed 1024K, reserved 1048576K
GC Heap History (8 events):
Event: 2.226 GC heap before
{Heap before GC invocations=1 (full 0):
 PSYoungGen      total 17920K, used 15360K [0x00000000feb00000, 0x00000000fff00000, 0x0000000100000000)
  eden space 15360K, 100% used [0x00000000feb00000,0x00000000ffa00000,0x00000000ffa00000)
  from space 2560K, 0% used [0x00000000ffc80000,0x00000000ffc80000,0x00000000fff00000)
  to   space 2560K, 0% used [0x00000000ffa00000,0x00000000ffa00000,0x00000000ffc80000)
 ParOldGen       total 40960K, used 0K [0x00000000fc000000, 0x00000000fe800000, 0x00000000feb00000)
  object space 40960K, 0% used [0x00000000fc000000,0x00000000fc000000,0x00000000fe800000)
 Metaspace       used 6573K, capacity 6778K, committed 7040K, reserved 1056768K
  class space    used 775K, capacity 839K, committed 896K, reserved 1048576K
Event: 2.245 GC heap after
Heap after GC invocations=1 (full 0):
 PSYoungGen      total 17920K, used 2528K [0x00000000feb00000, 0x00000000fff00000, 0x0000000100000000)
  eden space 15360K, 0% used [0x00000000feb00000,0x00000000feb00000,0x00000000ffa00000)
  from space 2560K, 98% used [0x00000000ffa00000,0x00000000ffc78030,0x00000000ffc80000)
  to   space 2560K, 0% used [0x00000000ffc80000,0x00000000ffc80000,0x00000000fff00000)
 ParOldGen       total 40960K, used 1217K [0x00000000fc000000, 0x00000000fe800000, 0x00000000feb00000)
  object space 40960K, 2% used [0x00000000fc000000,0x00000000fc130670,0x00000000fe800000)
 Metaspace       used 6573K, capacity 6778K, committed 7040K, reserved 1056768K
  class space    used 775K, capacity 839K, committed 896K, reserved 1048576K
}
Event: 3.045 GC heap before
{Heap before GC invocations=2 (full 0):
 PSYoungGen      total 17920K, used 17888K [0x00000000feb00000, 0x00000000fff00000, 0x0000000100000000)
  eden space 15360K, 100% used [0x00000000feb00000,0x00000000ffa00000,0x00000000ffa00000)
  from space 2560K, 98% used [0x00000000ffa00000,0x00000000ffc78030,0x00000000ffc80000)
  to   space 2560K, 0% used [0x00000000ffc80000,0x00000000ffc80000,0x00000000fff00000)
 ParOldGen       total 40960K, used 1217K [0x00000000fc000000, 0x00000000fe800000, 0x00000000feb00000)
  object space 40960K, 2% used [0x00000000fc000000,0x00000000fc130670,0x00000000fe800000)
 Metaspace       used 7745K, capacity 7972K, committed 8192K, reserved 1056768K
  class space    used 895K, capacity 1002K, committed 1024K, reserved 1048576K
Event: 3.071 GC heap after
Heap after GC invocations=2 (full 0):
 PSYoungGen      total 17920K, used 2548K [0x00000000feb00000, 0x0000000100000000, 0x0000000100000000)
  eden space 15360K, 0% used [0x00000000feb00000,0x00000000feb00000,0x00000000ffa00000)
  from space 2560K, 99% used [0x00000000ffc80000,0x00000000ffefd118,0x00000000fff00000)
  to   space 2560K, 0% used [0x00000000ffa00000,0x00000000ffa00000,0x00000000ffc80000)
 ParOldGen       total 40960K, used 4792K [0x00000000fc000000, 0x00000000fe800000, 0x00000000feb00000)
  object space 40960K, 11% used [0x00000000fc000000,0x00000000fc4ae3a8,0x00000000fe800000)
 Metaspace       used 7745K, capacity 7972K, committed 8192K, reserved 1056768K
  class space    used 895K, capacity 1002K, committed 1024K, reserved 1048576K
}
Event: 3.664 GC heap before
{Heap before GC invocations=3 (full 0):
 PSYoungGen      total 17920K, used 17908K [0x00000000feb00000, 0x0000000100000000, 0x0000000100000000)
  eden space 15360K, 100% used [0x00000000feb00000,0x00000000ffa00000,0x00000000ffa00000)
  from space 2560K, 99% used [0x00000000ffc80000,0x00000000ffefd118,0x00000000fff00000)
  to   space 2560K, 0% used [0x00000000ffa00000,0x00000000ffa00000,0x00000000ffc80000)
 ParOldGen       total 40960K, used 4792K [0x00000000fc000000, 0x00000000fe800000, 0x00000000feb00000)
  object space 40960K, 11% used [0x00000000fc000000,0x00000000fc4ae3a8,0x00000000fe800000)
 Metaspace       used 7865K, capacity 8100K, committed 8192K, reserved 1056768K
  class space    used 896K, capacity 1002K, committed 1024K, reserved 1048576K
Event: 3.675 GC heap after
Heap after GC invocations=3 (full 0):
 PSYoungGen      total 17920K, used 2528K [0x00000000feb00000, 0x0000000100000000, 0x0000000100000000)
  eden space 15360K, 0% used [0x00000000feb00000,0x00000000feb00000,0x00000000ffa00000)
  from space 2560K, 98% used [0x00000000ffa00000,0x00000000ffc781d0,0x00000000ffc80000)
  to   space 2560K, 0% used [0x00000000ffd80000,0x00000000ffd80000,0x0000000100000000)
 ParOldGen       total 40960K, used 4904K [0x00000000fc000000, 0x00000000fe800000, 0x00000000feb00000)
  object space 40960K, 11% used [0x00000000fc000000,0x00000000fc4ca3a8,0x00000000fe800000)
 Metaspace       used 7865K, capacity 8100K, committed 8192K, reserved 1056768K
  class space    used 896K, capacity 1002K, committed 1024K, reserved 1048576K
}
Event: 89.289 GC heap before
{Heap before GC invocations=4 (full 0):
 PSYoungGen      total 17920K, used 17888K [0x00000000feb00000, 0x0000000100000000, 0x0000000100000000)
  eden space 15360K, 100% used [0x00000000feb00000,0x00000000ffa00000,0x00000000ffa00000)
  from space 2560K, 98% used [0x00000000ffa00000,0x00000000ffc781d0,0x00000000ffc80000)
  to   space 2560K, 0% used [0x00000000ffd80000,0x00000000ffd80000,0x0000000100000000)
 ParOldGen       total 40960K, used 4904K [0x00000000fc000000, 0x00000000fe800000, 0x00000000feb00000)
  object space 40960K, 11% used [0x00000000fc000000,0x00000000fc4ca3a8,0x00000000fe800000)
 Metaspace       used 7892K, capacity 8100K, committed 8192K, reserved 1056768K
  class space    used 897K, capacity 1002K, committed 1024K, reserved 1048576K
Event: 89.364 GC heap after
Heap after GC invocations=4 (full 0):
 PSYoungGen      total 18944K, used 2553K [0x00000000feb00000, 0x0000000100000000, 0x0000000100000000)
  eden space 16384K, 0% used [0x00000000feb00000,0x00000000feb00000,0x00000000ffb00000)
  from space 2560K, 99% used [0x00000000ffd80000,0x00000000ffffe428,0x0000000100000000)
  to   space 2560K, 0% used [0x00000000ffb00000,0x00000000ffb00000,0x00000000ffd80000)
 ParOldGen       total 40960K, used 5048K [0x00000000fc000000, 0x00000000fe800000, 0x00000000feb00000)
  object space 40960K, 12% used [0x00000000fc000000,0x00000000fc4ee3a8,0x00000000fe800000)
 Metaspace       used 7892K, capacity 8100K, committed 8192K, reserved 1056768K
  class space    used 897K, capacity 1002K, committed 1024K, reserved 1048576K
}

